1517754301431	geckodriver	INFO	geckodriver 0.19.1
1517754301444	geckodriver	INFO	Listening on 127.0.0.1:50107
1517754304575	mozrunner::runner	INFO	Running command: "C:\\Program Files\\Mozilla Firefox\\firefox.exe" "-marionette" "-profile" "C:\\Users\\ADMINI~1\\AppData\\Local\\Temp\\rust_mozprofile.DNVkdmM8IPAc"
1517754315109	Marionette	INFO	Enabled via --marionette
1517754339755	Marionette	INFO	Listening on port 50119
Unable to read VR Path Registry from C:\Users\Administrator\AppData\Local\openvr\openvrpaths.vrpath
[Parent 3924, Gecko_IOThread] WARNING: pipe error: 109: file z:/build/build/src/ipc/chromium/src/chrome/common/ipc_channel_win.cc, line 346
Unable to read VR Path Registry from C:\Users\Administrator\AppData\Local\openvr\openvrpaths.vrpath
[Child 7896, Chrome_ChildThread] WARNING: pipe error: 109: file z:/build/build/src/ipc/chromium/src/chrome/common/ipc_channel_win.cc, line 346
[Child 7896, Chrome_ChildThread] WARNING: pipe error: 109: file z:/build/build/src/ipc/chromium/src/chrome/common/ipc_channel_win.cc, line 346
1517754340232	Marionette	WARN	TLS certificate errors will be ignored for this session
Unable to read VR Path Registry from C:\Users\Administrator\AppData\Local\openvr\openvrpaths.vrpath
[Child 7740, Chrome_ChildThread] WARNING: pipe error: 109: file z:/build/build/src/ipc/chromium/src/chrome/common/ipc_channel_win.cc, line 346
[Child 7740, Chrome_ChildThread] WARNING: pipe error: 109: file z:/build/build/src/ipc/chromium/src/chrome/common/ipc_channel_win.cc, line 346
Unable to read VR Path Registry from C:\Users\Administrator\AppData\Local\openvr\openvrpaths.vrpath
JavaScript error: file:///C:/Users/Administrator/Desktop/Python%E7%9A%84unittest%E5%B9%B6%E6%8B%93%E5%B1%95HTMLTestRunner%E8%AF%A6%E7%BB%86%E8%AF%B4%E6%98%8E-%20Python%E6%95%99%E7%A8%8B-PHP%E4%B8%AD%E6%96%87%E7%BD%91_files/cuid.json, line 1: ReferenceError: _box_jsonp233 is not defined
JavaScript error: file:///C:/Users/Administrator/Desktop/Python%E7%9A%84unittest%E5%B9%B6%E6%8B%93%E5%B1%95HTMLTestRunner%E8%AF%A6%E7%BB%86%E8%AF%B4%E6%98%8E-%20Python%E6%95%99%E7%A8%8B-PHP%E4%B8%AD%E6%96%87%E7%BD%91.htm, line 1: TypeError: window.cambrian_sync_loader_success1517570035487364 is not a function
JavaScript error: file:///C:/Users/Administrator/Desktop/Python%E7%9A%84unittest%E5%B9%B6%E6%8B%93%E5%B1%95HTMLTestRunner%E8%AF%A6%E7%BB%86%E8%AF%B4%E6%98%8E-%20Python%E6%95%99%E7%A8%8B-PHP%E4%B8%AD%E6%96%87%E7%BD%91.htm, line 98: SyntaxError: unterminated string literal
1517754356541	addons.productaddons	WARN	Failed downloading XML, status: 0, reason: error
1517754356556	addons.productaddons	WARN	Failed downloading via XHR, status: 0, reason: error
1517754356561	addons.productaddons	WARN	Failed downloading via XHR, status: 0, reason: error
[Parent 3924, Gecko_IOThread] WARNING: pipe error: 109: file z:/build/build/src/ipc/chromium/src/chrome/common/ipc_channel_win.cc, line 346
[Child 8060, Chrome_ChildThread] WARNING: pipe error: 109: file z:/build/build/src/ipc/chromium/src/chrome/common/ipc_channel_win.cc, line 346
Unable to read VR Path Registry from C:\Users\Administrator\AppData\Local\openvr\openvrpaths.vrpath
[Child 6484, Chrome_ChildThread] WARNING: pipe error: 109: file z:/build/build/src/ipc/chromium/src/chrome/common/ipc_channel_win.cc, line 346
Unable to read VR Path Registry from C:\Users\Administrator\AppData\Local\openvr\openvrpaths.vrpath
[Child 7836, Chrome_ChildThread] WARNING: pipe error: 109: file z:/build/build/src/ipc/chromium/src/chrome/common/ipc_channel_win.cc, line 346
[Child 7836, Chrome_ChildThread] WARNING: pipe error: 109: file z:/build/build/src/ipc/chromium/src/chrome/common/ipc_channel_win.cc, line 346
1517754533041	geckodriver	INFO	geckodriver 0.19.1
1517754533054	geckodriver	INFO	Listening on 127.0.0.1:50477
1517754536071	mozrunner::runner	INFO	Running command: "C:\\Program Files\\Mozilla Firefox\\firefox.exe" "-marionette" "-profile" "C:\\Users\\ADMINI~1\\AppData\\Local\\Temp\\rust_mozprofile.Ng6VFYfmAQKJ"
1517754544878	Marionette	INFO	Enabled via --marionette
1517754549254	Marionette	INFO	Listening on port 50489
1517754549765	Marionette	WARN	TLS certificate errors will be ignored for this session
Unable to read VR Path Registry from C:\Users\Administrator\AppData\Local\openvr\openvrpaths.vrpath
[Child 4156, Chrome_ChildThread] WARNING: pipe error: 109: file z:/build/build/src/ipc/chromium/src/chrome/common/ipc_channel_win.cc, line 346
[Child 4156, Chrome_ChildThread] WARNING: pipe error: 109: file z:/build/build/src/ipc/chromium/src/chrome/common/ipc_channel_win.cc, line 346
Unable to read VR Path Registry from C:\Users\Administrator\AppData\Local\openvr\openvrpaths.vrpath
JavaScript error: file:///C:/Users/Administrator/Desktop/Python%E7%9A%84unittest%E5%B9%B6%E6%8B%93%E5%B1%95HTMLTestRunner%E8%AF%A6%E7%BB%86%E8%AF%B4%E6%98%8E-%20Python%E6%95%99%E7%A8%8B-PHP%E4%B8%AD%E6%96%87%E7%BD%91_files/cuid.json, line 1: ReferenceError: _box_jsonp233 is not defined
JavaScript error: file:///C:/Users/Administrator/Desktop/Python%E7%9A%84unittest%E5%B9%B6%E6%8B%93%E5%B1%95HTMLTestRunner%E8%AF%A6%E7%BB%86%E8%AF%B4%E6%98%8E-%20Python%E6%95%99%E7%A8%8B-PHP%E4%B8%AD%E6%96%87%E7%BD%91.htm, line 1: TypeError: window.cambrian_sync_loader_success1517570035487364 is not a function
JavaScript error: file:///C:/Users/Administrator/Desktop/Python%E7%9A%84unittest%E5%B9%B6%E6%8B%93%E5%B1%95HTMLTestRunner%E8%AF%A6%E7%BB%86%E8%AF%B4%E6%98%8E-%20Python%E6%95%99%E7%A8%8B-PHP%E4%B8%AD%E6%96%87%E7%BD%91.htm, line 98: SyntaxError: unterminated string literal
Unable to read VR Path Registry from C:\Users\Administrator\AppData\Local\openvr\openvrpaths.vrpath
[Parent 5720, Gecko_IOThread] WARNING: pipe error: 109: file z:/build/build/src/ipc/chromium/src/chrome/common/ipc_channel_win.cc, line 346
Unable to read VR Path Registry from C:\Users\Administrator\AppData\Local\openvr\openvrpaths.vrpath
[Child 6376, Chrome_ChildThread] WARNING: pipe error: 109: file z:/build/build/src/ipc/chromium/src/chrome/common/ipc_channel_win.cc, line 346
[Child 6376, Chrome_ChildThread] WARNING: pipe error: 109: file z:/build/build/src/ipc/chromium/src/chrome/common/ipc_channel_win.cc, line 346
[Child 8196, Chrome_ChildThread] WARNING: pipe error: 109: file z:/build/build/src/ipc/chromium/src/chrome/common/ipc_channel_win.cc, line 346
[Child 8196, Chrome_ChildThread] WARNING: pipe error: 109: file z:/build/build/src/ipc/chromium/src/chrome/common/ipc_channel_win.cc, line 346
Unable to read VR Path Registry from C:\Users\Administrator\AppData\Local\openvr\openvrpaths.vrpath
[Child 7364, Chrome_ChildThread] WARNING: pipe error: 109: file z:/build/build/src/ipc/chromium/src/chrome/common/ipc_channel_win.cc, line 346
*** UTM:SVC TimerManager:registerTimer called after profile-before-change notification. Ignoring timer registration for id: telemetry_modules_ping
1517754715582	geckodriver	INFO	geckodriver 0.19.1
1517754715596	geckodriver	INFO	Listening on 127.0.0.1:50761
1517754718653	mozrunner::runner	INFO	Running command: "C:\\Program Files\\Mozilla Firefox\\firefox.exe" "-marionette" "-profile" "C:\\Users\\ADMINI~1\\AppData\\Local\\Temp\\rust_mozprofile.xmI4qV2HhtD9"
1517754720689	Marionette	INFO	Enabled via --marionette
1517754725386	Marionette	INFO	Listening on port 50773
1517754726159	Marionette	WARN	TLS certificate errors will be ignored for this session
Unable to read VR Path Registry from C:\Users\Administrator\AppData\Local\openvr\openvrpaths.vrpath
[Child 8640, Chrome_ChildThread] WARNING: pipe error: 109: file z:/build/build/src/ipc/chromium/src/chrome/common/ipc_channel_win.cc, line 346
Unable to read VR Path Registry from C:\Users\Administrator\AppData\Local\openvr\openvrpaths.vrpath
JavaScript error: file:///C:/Users/Administrator/Desktop/Python%E7%9A%84unittest%E5%B9%B6%E6%8B%93%E5%B1%95HTMLTestRunner%E8%AF%A6%E7%BB%86%E8%AF%B4%E6%98%8E-%20Python%E6%95%99%E7%A8%8B-PHP%E4%B8%AD%E6%96%87%E7%BD%91_files/cuid.json, line 1: ReferenceError: _box_jsonp233 is not defined
JavaScript error: file:///C:/Users/Administrator/Desktop/Python%E7%9A%84unittest%E5%B9%B6%E6%8B%93%E5%B1%95HTMLTestRunner%E8%AF%A6%E7%BB%86%E8%AF%B4%E6%98%8E-%20Python%E6%95%99%E7%A8%8B-PHP%E4%B8%AD%E6%96%87%E7%BD%91.htm, line 1: TypeError: window.cambrian_sync_loader_success1517570035487364 is not a function
JavaScript error: file:///C:/Users/Administrator/Desktop/Python%E7%9A%84unittest%E5%B9%B6%E6%8B%93%E5%B1%95HTMLTestRunner%E8%AF%A6%E7%BB%86%E8%AF%B4%E6%98%8E-%20Python%E6%95%99%E7%A8%8B-PHP%E4%B8%AD%E6%96%87%E7%BD%91.htm, line 98: SyntaxError: unterminated string literal
Unable to read VR Path Registry from C:\Users\Administrator\AppData\Local\openvr\openvrpaths.vrpath
[Parent 8288, Gecko_IOThread] WARNING: pipe error: 109: file z:/build/build/src/ipc/chromium/src/chrome/common/ipc_channel_win.cc, line 346
[Parent 8288, Gecko_IOThread] WARNING: pipe error: 109: file z:/build/build/src/ipc/chromium/src/chrome/common/ipc_channel_win.cc, line 346
Unable to read VR Path Registry from C:\Users\Administrator\AppData\Local\openvr\openvrpaths.vrpath
[Child 9044, Chrome_ChildThread] WARNING: pipe error: 109: file z:/build/build/src/ipc/chromium/src/chrome/common/ipc_channel_win.cc, line 346
[Child 6416, Chrome_ChildThread] WARNING: pipe error: 109: file z:/build/build/src/ipc/chromium/src/chrome/common/ipc_channel_win.cc, line 346
[Parent 8288, Gecko_IOThread] WARNING: pipe error: 109: file z:/build/build/src/ipc/chromium/src/chrome/common/ipc_channel_win.cc, line 346
Unable to read VR Path Registry from C:\Users\Administrator\AppData\Local\openvr\openvrpaths.vrpath
[Child 7596, Chrome_ChildThread] WARNING: pipe error: 109: file z:/build/build/src/ipc/chromium/src/chrome/common/ipc_channel_win.cc, line 346
*** UTM:SVC TimerManager:registerTimer called after profile-before-change notification. Ignoring timer registration for id: telemetry_modules_ping
1517754854593	geckodriver	INFO	geckodriver 0.19.1
1517754854608	geckodriver	INFO	Listening on 127.0.0.1:50976
1517754857637	mozrunner::runner	INFO	Running command: "C:\\Program Files\\Mozilla Firefox\\firefox.exe" "-marionette" "-profile" "C:\\Users\\ADMINI~1\\AppData\\Local\\Temp\\rust_mozprofile.OfglQQgoDm5F"
1517754859766	Marionette	INFO	Enabled via --marionette
1517754863809	Marionette	INFO	Listening on port 50988
1517754864084	Marionette	WARN	TLS certificate errors will be ignored for this session
Unable to read VR Path Registry from C:\Users\Administrator\AppData\Local\openvr\openvrpaths.vrpath
[Child 8748, Chrome_ChildThread] WARNING: pipe error: 109: file z:/build/build/src/ipc/chromium/src/chrome/common/ipc_channel_win.cc, line 346
[Child 8748, Chrome_ChildThread] WARNING: pipe error: 109: file z:/build/build/src/ipc/chromium/src/chrome/common/ipc_channel_win.cc, line 346
Unable to read VR Path Registry from C:\Users\Administrator\AppData\Local\openvr\openvrpaths.vrpath
JavaScript error: file:///C:/Users/Administrator/Desktop/Python%E7%9A%84unittest%E5%B9%B6%E6%8B%93%E5%B1%95HTMLTestRunner%E8%AF%A6%E7%BB%86%E8%AF%B4%E6%98%8E-%20Python%E6%95%99%E7%A8%8B-PHP%E4%B8%AD%E6%96%87%E7%BD%91_files/cuid.json, line 1: ReferenceError: _box_jsonp233 is not defined
JavaScript error: file:///C:/Users/Administrator/Desktop/Python%E7%9A%84unittest%E5%B9%B6%E6%8B%93%E5%B1%95HTMLTestRunner%E8%AF%A6%E7%BB%86%E8%AF%B4%E6%98%8E-%20Python%E6%95%99%E7%A8%8B-PHP%E4%B8%AD%E6%96%87%E7%BD%91.htm, line 1: TypeError: window.cambrian_sync_loader_success1517570035487364 is not a function
JavaScript error: file:///C:/Users/Administrator/Desktop/Python%E7%9A%84unittest%E5%B9%B6%E6%8B%93%E5%B1%95HTMLTestRunner%E8%AF%A6%E7%BB%86%E8%AF%B4%E6%98%8E-%20Python%E6%95%99%E7%A8%8B-PHP%E4%B8%AD%E6%96%87%E7%BD%91.htm, line 98: SyntaxError: unterminated string literal
Unable to read VR Path Registry from C:\Users\Administrator\AppData\Local\openvr\openvrpaths.vrpath
[Parent 8072, Gecko_IOThread] WARNING: pipe error: 109: file z:/build/build/src/ipc/chromium/src/chrome/common/ipc_channel_win.cc, line 346
Unable to read VR Path Registry from C:\Users\Administrator\AppData\Local\openvr\openvrpaths.vrpath
[Child 7768, Chrome_ChildThread] WARNING: pipe error: 109: file z:/build/build/src/ipc/chromium/src/chrome/common/ipc_channel_win.cc, line 346
[Child 7768, Chrome_ChildThread] WARNING: pipe error: 109: file z:/build/build/src/ipc/chromium/src/chrome/common/ipc_channel_win.cc, line 346
[Child 8484, Chrome_ChildThread] WARNING: pipe error: 109: file z:/build/build/src/ipc/chromium/src/chrome/common/ipc_channel_win.cc, line 346
[Child 8484, Chrome_ChildThread] WARNING: pipe error: 109: file z:/build/build/src/ipc/chromium/src/chrome/common/ipc_channel_win.cc, line 346
Unable to read VR Path Registry from C:\Users\Administrator\AppData\Local\openvr\openvrpaths.vrpath
[Child 9008, Chrome_ChildThread] WARNING: pipe error: 109: file z:/build/build/src/ipc/chromium/src/chrome/common/ipc_channel_win.cc, line 346
[Child 9008, Chrome_ChildThread] WARNING: pipe error: 109: file z:/build/build/src/ipc/chromium/src/chrome/common/ipc_channel_win.cc, line 346
*** UTM:SVC TimerManager:registerTimer called after profile-before-change notification. Ignoring timer registration for id: telemetry_modules_ping
1517754891529	geckodriver	INFO	geckodriver 0.19.1
1517754891543	geckodriver	INFO	Listening on 127.0.0.1:51055
1517754894594	mozrunner::runner	INFO	Running command: "C:\\Program Files\\Mozilla Firefox\\firefox.exe" "-marionette" "-profile" "C:\\Users\\ADMINI~1\\AppData\\Local\\Temp\\rust_mozprofile.04dtIxnfyFzg"
1517754896673	Marionette	INFO	Enabled via --marionette
1517754901150	Marionette	INFO	Listening on port 51067
1517754901970	Marionette	WARN	TLS certificate errors will be ignored for this session
Unable to read VR Path Registry from C:\Users\Administrator\AppData\Local\openvr\openvrpaths.vrpath
[Parent 7316, Gecko_IOThread] WARNING: pipe error: 109: file z:/build/build/src/ipc/chromium/src/chrome/common/ipc_channel_win.cc, line 346
Unable to read VR Path Registry from C:\Users\Administrator\AppData\Local\openvr\openvrpaths.vrpath
JavaScript error: file:///C:/Users/Administrator/Desktop/Python%E7%9A%84unittest%E5%B9%B6%E6%8B%93%E5%B1%95HTMLTestRunner%E8%AF%A6%E7%BB%86%E8%AF%B4%E6%98%8E-%20Python%E6%95%99%E7%A8%8B-PHP%E4%B8%AD%E6%96%87%E7%BD%91_files/cuid.json, line 1: ReferenceError: _box_jsonp233 is not defined
JavaScript error: file:///C:/Users/Administrator/Desktop/Python%E7%9A%84unittest%E5%B9%B6%E6%8B%93%E5%B1%95HTMLTestRunner%E8%AF%A6%E7%BB%86%E8%AF%B4%E6%98%8E-%20Python%E6%95%99%E7%A8%8B-PHP%E4%B8%AD%E6%96%87%E7%BD%91.htm, line 1: TypeError: window.cambrian_sync_loader_success1517570035487364 is not a function
JavaScript error: file:///C:/Users/Administrator/Desktop/Python%E7%9A%84unittest%E5%B9%B6%E6%8B%93%E5%B1%95HTMLTestRunner%E8%AF%A6%E7%BB%86%E8%AF%B4%E6%98%8E-%20Python%E6%95%99%E7%A8%8B-PHP%E4%B8%AD%E6%96%87%E7%BD%91.htm, line 98: SyntaxError: unterminated string literal
[Parent 7316, Gecko_IOThread] WARNING: pipe error: 109: file z:/build/build/src/ipc/chromium/src/chrome/common/ipc_channel_win.cc, line 346
Unable to read VR Path Registry from C:\Users\Administrator\AppData\Local\openvr\openvrpaths.vrpath
[Child 2756, Chrome_ChildThread] WARNING: pipe error: 109: file z:/build/build/src/ipc/chromium/src/chrome/common/ipc_channel_win.cc, line 346
[Child 2756, Chrome_ChildThread] WARNING: pipe error: 109: file z:/build/build/src/ipc/chromium/src/chrome/common/ipc_channel_win.cc, line 346
1517755173358	geckodriver	INFO	geckodriver 0.19.1
1517755173370	geckodriver	INFO	Listening on 127.0.0.1:51468
1517755176411	mozrunner::runner	INFO	Running command: "C:\\Program Files\\Mozilla Firefox\\firefox.exe" "-marionette" "-profile" "C:\\Users\\ADMINI~1\\AppData\\Local\\Temp\\rust_mozprofile.4yrkCgWTa1pI"
1517755178289	Marionette	INFO	Enabled via --marionette
1517755182511	Marionette	INFO	Listening on port 51482
1517755182695	Marionette	WARN	TLS certificate errors will be ignored for this session
Unable to read VR Path Registry from C:\Users\Administrator\AppData\Local\openvr\openvrpaths.vrpath
[Child 8276, Chrome_ChildThread] WARNING: pipe error: 109: file z:/build/build/src/ipc/chromium/src/chrome/common/ipc_channel_win.cc, line 346
[Child 8276, Chrome_ChildThread] WARNING: pipe error: 109: file z:/build/build/src/ipc/chromium/src/chrome/common/ipc_channel_win.cc, line 346
Unable to read VR Path Registry from C:\Users\Administrator\AppData\Local\openvr\openvrpaths.vrpath
JavaScript error: file:///C:/Users/Administrator/Desktop/Python%E7%9A%84unittest%E5%B9%B6%E6%8B%93%E5%B1%95HTMLTestRunner%E8%AF%A6%E7%BB%86%E8%AF%B4%E6%98%8E-%20Python%E6%95%99%E7%A8%8B-PHP%E4%B8%AD%E6%96%87%E7%BD%91_files/cuid.json, line 1: ReferenceError: _box_jsonp233 is not defined
JavaScript error: file:///C:/Users/Administrator/Desktop/Python%E7%9A%84unittest%E5%B9%B6%E6%8B%93%E5%B1%95HTMLTestRunner%E8%AF%A6%E7%BB%86%E8%AF%B4%E6%98%8E-%20Python%E6%95%99%E7%A8%8B-PHP%E4%B8%AD%E6%96%87%E7%BD%91.htm, line 1: TypeError: window.cambrian_sync_loader_success1517570035487364 is not a function
JavaScript error: file:///C:/Users/Administrator/Desktop/Python%E7%9A%84unittest%E5%B9%B6%E6%8B%93%E5%B1%95HTMLTestRunner%E8%AF%A6%E7%BB%86%E8%AF%B4%E6%98%8E-%20Python%E6%95%99%E7%A8%8B-PHP%E4%B8%AD%E6%96%87%E7%BD%91.htm, line 98: SyntaxError: unterminated string literal
1517755642321	addons.productaddons	WARN	Failed downloading XML, status: 0, reason: error
1517755642357	addons.productaddons	WARN	Failed downloading via XHR, status: 0, reason: error
1517755642364	addons.productaddons	WARN	Failed downloading via XHR, status: 0, reason: error
Unable to read VR Path Registry from C:\Users\Administrator\AppData\Local\openvr\openvrpaths.vrpath
[Child 2512, Chrome_ChildThread] WARNING: pipe error: 109: file z:/build/build/src/ipc/chromium/src/chrome/common/ipc_channel_win.cc, line 346
[Child 2512, Chrome_ChildThread] WARNING: pipe error: 109: file z:/build/build/src/ipc/chromium/src/chrome/common/ipc_channel_win.cc, line 346
Unable to read VR Path Registry from C:\Users\Administrator\AppData\Local\openvr\openvrpaths.vrpath
[Child 8980, Chrome_ChildThread] WARNING: pipe error: 109: file z:/build/build/src/ipc/chromium/src/chrome/common/ipc_channel_win.cc, line 346
[Child 8980, Chrome_ChildThread] WARNING: pipe error: 109: file z:/build/build/src/ipc/chromium/src/chrome/common/ipc_channel_win.cc, line 346
Unable to read VR Path Registry from C:\Users\Administrator\AppData\Local\openvr\openvrpaths.vrpath
Child 8340, Chrome_ChildThread] WARNING: pipe error: 109: file z:/build/build/src/ipc/chromium/src/chrome/common/ipc_channel_win.cc, line 346
1517755339877	geckodriver	INFO	geckodriver 0.19.1
1517755339891	geckodriver	INFO	Listening on 127.0.0.1:51812
1517755342997	mozrunner::runner	INFO	Running command: "C:\\Program Files\\Mozilla Firefox\\firefox.exe" "-marionette" "-profile" "C:\\Users\\ADMINI~1\\AppData\\Local\\Temp\\rust_mozprofile.4nG2ZEVegT0F"
1517755349659	Marionette	INFO	Enabled via --marionette
Unable to read VR Path Registry from C:\Users\Administrator\AppData\Local\openvr\openvrpaths.vrpath
[Parent 8352, Gecko_IOThread] WARNING: pipe error: 109: file z:/build/build/src/ipc/chromium/src/chrome/common/ipc_channel_win.cc, line 346
Unable to read VR Path Registry from C:\Users\Administrator\AppData\Local\openvr\openvrpaths.vrpath
[Child 9404, Chrome_ChildThread] WARNING: pipe error: 109: file z:/build/build/src/ipc/chromium/src/chrome/common/ipc_channel_win.cc, line 346
1517755370360	Marionette	INFO	Listening on port 51826
1517755373121	Marionette	WARN	TLS certificate errors will be ignored for this session
[Parent 8352, Gecko_IOThread] WARNING: pipe error: 109: file z:/build/build/src/ipc/chromium/src/chrome/common/ipc_channel_win.cc, line 346
Unable to read VR Path Registry from C:\Users\Administrator\AppData\Local\openvr\openvrpaths.vrpath
JavaScript error: file:///C:/Users/Administrator/Desktop/Python%E7%9A%84unittest%E5%B9%B6%E6%8B%93%E5%B1%95HTMLTestRunner%E8%AF%A6%E7%BB%86%E8%AF%B4%E6%98%8E-%20Python%E6%95%99%E7%A8%8B-PHP%E4%B8%AD%E6%96%87%E7%BD%91_files/cuid.json, line 1: ReferenceError: _box_jsonp233 is not defined
JavaScript error: file:///C:/Users/Administrator/Desktop/Python%E7%9A%84unittest%E5%B9%B6%E6%8B%93%E5%B1%95HTMLTestRunner%E8%AF%A6%E7%BB%86%E8%AF%B4%E6%98%8E-%20Python%E6%95%99%E7%A8%8B-PHP%E4%B8%AD%E6%96%87%E7%BD%91.htm, line 1: TypeError: window.cambrian_sync_loader_success1517570035487364 is not a function
JavaScript error: file:///C:/Users/Administrator/Desktop/Python%E7%9A%84unittest%E5%B9%B6%E6%8B%93%E5%B1%95HTMLTestRunner%E8%AF%A6%E7%BB%86%E8%AF%B4%E6%98%8E-%20Python%E6%95%99%E7%A8%8B-PHP%E4%B8%AD%E6%96%87%E7%BD%91.htm, line 98: SyntaxError: unterminated string literal
Unable to read VR Path Registry from C:\Users\Administrator\AppData\Local\openvr\openvrpaths.vrpath
[Child 9984, Chrome_ChildThread] WARNING: pipe error: 109: file z:/build/build/src/ipc/chromium/src/chrome/common/ipc_channel_win.cc, line 346
1517802954982	geckodriver	INFO	geckodriver 0.19.1
1517802954997	geckodriver	INFO	Listening on 127.0.0.1:55790
1517802958132	mozrunner::runner	INFO	Running command: "C:\\Program Files\\Mozilla Firefox\\firefox.exe" "-marionette" "-profile" "C:\\Users\\ADMINI~1\\AppData\\Local\\Temp\\rust_mozprofile.LLqQCdXGbIDN"
1517802962951	Marionette	INFO	Enabled via --marionette
Unable to read VR Path Registry from C:\Users\Administrator\AppData\Local\openvr\openvrpaths.vrpath
[Child 7824, Chrome_ChildThread] WARNING: pipe error: 109: file z:/build/build/src/ipc/chromium/src/chrome/common/ipc_channel_win.cc, line 346
[Child 7824, Chrome_ChildThread] WARNING: pipe error: 109: file z:/build/build/src/ipc/chromium/src/chrome/common/ipc_channel_win.cc, line 346
1517802973887	Marionette	INFO	Listening on port 55798
1517802974704	Marionette	WARN	TLS certificate errors will be ignored for this session
Unable to read VR Path Registry from C:\Users\Administrator\AppData\Local\openvr\openvrpaths.vrpath
[Parent 10108, Gecko_IOThread] WARNING: pipe error: 109: file z:/build/build/src/ipc/chromium/src/chrome/common/ipc_channel_win.cc, line 346
[Parent 10108, Gecko_IOThread] WARNING: pipe error: 109: file z:/build/build/src/ipc/chromium/src/chrome/common/ipc_channel_win.cc, line 346
Unable to read VR Path Registry from C:\Users\Administrator\AppData\Local\openvr\openvrpaths.vrpath
[Child 11424, Chrome_ChildThread] WARNING: pipe error: 109: file z:/build/build/src/ipc/chromium/src/chrome/common/ipc_channel_win.cc, line 346
[Child 11424, Chrome_ChildThread] WARNING: pipe error: 109: file z:/build/build/src/ipc/chromium/src/chrome/common/ipc_channel_win.cc, line 346
Unable to read VR Path Registry from C:\Users\Administrator\AppData\Local\openvr\openvrpaths.vrpath
[Child 12012, Chrome_ChildThread] WARNING: pipe error: 109: file z:/build/build/src/ipc/chromium/src/chrome/common/ipc_channel_win.cc, line 346
[Child 12012, Chrome_ChildThread] WARNING: pipe error: 109: file z:/build/build/src/ipc/chromium/src/chrome/common/ipc_channel_win.cc, line 346
Unable to read VR Path Registry from C:\Users\Administrator\AppData\Local\openvr\openvrpaths.vrpath
[Child 12548, Chrome_ChildThread] WARNING: pipe error: 109: file z:/build/build/src/ipc/chromium/src/chrome/common/ipc_channel_win.cc, line 346
[Child 12548, Chrome_ChildThread] WARNING: pipe error: 109: file z:/build/build/src/ipc/chromium/src/chrome/common/ipc_channel_win.cc, line 346
1517803046846	geckodriver	INFO	geckodriver 0.19.1
1517803046860	geckodriver	INFO	Listening on 127.0.0.1:55928
1517803049932	mozrunner::runner	INFO	Running command: "C:\\Program Files\\Mozilla Firefox\\firefox.exe" "-marionette" "-profile" "C:\\Users\\ADMINI~1\\AppData\\Local\\Temp\\rust_mozprofile.88wXCdeamSzu"
1517803054725	Marionette	INFO	Enabled via --marionette
1517803069912	Marionette	INFO	Listening on port 55936
Unable to read VR Path Registry from C:\Users\Administrator\AppData\Local\openvr\openvrpaths.vrpath
[Child 7516, Chrome_ChildThread] WARNING: pipe error: 109: file z:/build/build/src/ipc/chromium/src/chrome/common/ipc_channel_win.cc, line 346
[Child 7516, Chrome_ChildThread] WARNING: pipe error: 109: file z:/build/build/src/ipc/chromium/src/chrome/common/ipc_channel_win.cc, line 346
1517803070010	Marionette	WARN	TLS certificate errors will be ignored for this session
Unable to read VR Path Registry from C:\Users\Administrator\AppData\Local\openvr\openvrpaths.vrpath
[Parent 10524, Gecko_IOThread] WARNING: pipe error: 109: file z:/build/build/src/ipc/chromium/src/chrome/common/ipc_channel_win.cc, line 346
[Parent 10524, Gecko_IOThread] WARNING: pipe error: 109: file z:/build/build/src/ipc/chromium/src/chrome/common/ipc_channel_win.cc, line 346
[Parent 10524, Gecko_IOThread] WARNING: pipe error: 109: file z:/build/build/src/ipc/chromium/src/chrome/common/ipc_channel_win.cc, line 346
Unable to read VR Path Registry from C:\Users\Administrator\AppData\Local\openvr\openvrpaths.vrpath
[Child 996, Chrome_ChildThread] WARNING: pipe error: 109: file z:/build/build/src/ipc/chromium/src/chrome/common/ipc_channel_win.cc, line 346
[Child 996, Chrome_ChildThread] WARNING: pipe error: 109: file z:/build/build/src/ipc/chromium/src/chrome/common/ipc_channel_win.cc, line 346
Unable to read VR Path Registry from C:\Users\Administrator\AppData\Local\openvr\openvrpaths.vrpath
[Child 7876, Chrome_ChildThread] WARNING: pipe error: 109: file z:/build/build/src/ipc/chromium/src/chrome/common/ipc_channel_win.cc, line 346
[Child 7876, Chrome_ChildThread] WARNING: pipe error: 109: file z:/build/build/src/ipc/chromium/src/chrome/common/ipc_channel_win.cc, line 346
Unable to read VR Path Registry from C:\Users\Administrator\AppData\Local\openvr\openvrpaths.vrpath
[Child 13640, Chrome_ChildThread] WARNING: pipe error: 109: file z:/build/build/src/ipc/chromium/src/chrome/common/ipc_channel_win.cc, line 346
[Child 13640, Chrome_ChildThread] WARNING: pipe error: 109: file z:/build/build/src/ipc/chromium/src/chrome/common/ipc_channel_win.cc, line 346
1517807128901	geckodriver	INFO	geckodriver 0.19.1
1517807128928	geckodriver	INFO	Listening on 127.0.0.1:57521
1517807132425	mozrunner::runner	INFO	Running command: "C:\\Program Files\\Mozilla Firefox\\firefox.exe" "-marionette" "-profile" "C:\\Users\\ADMINI~1\\AppData\\Local\\Temp\\rust_mozprofile.9NQ7Md2gXe4x"
1517807137878	Marionette	INFO	Enabled via --marionette
Unable to read VR Path Registry from C:\Users\Administrator\AppData\Local\openvr\openvrpaths.vrpath
[Parent 13752, Gecko_IOThread] WARNING: pipe error: 109: file z:/build/build/src/ipc/chromium/src/chrome/common/ipc_channel_win.cc, line 346
Unable to read VR Path Registry from C:\Users\Administrator\AppData\Local\openvr\openvrpaths.vrpath
[Child 6276, Chrome_ChildThread] WARNING: pipe error: 109: file z:/build/build/src/ipc/chromium/src/chrome/common/ipc_channel_win.cc, line 346
[Child 6276, Chrome_ChildThread] WARNING: pipe error: 109: file z:/build/build/src/ipc/chromium/src/chrome/common/ipc_channel_win.cc, line 346
1517807150223	Marionette	INFO	Listening on port 57533
1517807150786	Marionette	WARN	TLS certificate errors will be ignored for this session
1517807485658	geckodriver	INFO	geckodriver 0.19.1
1517807485672	geckodriver	INFO	Listening on 127.0.0.1:57814
1517807488887	mozrunner::runner	INFO	Running command: "C:\\Program Files\\Mozilla Firefox\\firefox.exe" "-marionette" "-profile" "C:\\Users\\ADMINI~1\\AppData\\Local\\Temp\\rust_mozprofile.YGdg19ojzzjM"
1517807492773	Marionette	INFO	Enabled via --marionette
Unable to read VR Path Registry from C:\Users\Administrator\AppData\Local\openvr\openvrpaths.vrpath
[Parent 13592, Gecko_IOThread] WARNING: pipe error: 109: file z:/build/build/src/ipc/chromium/src/chrome/common/ipc_channel_win.cc, line 346
Unable to read VR Path Registry from C:\Users\Administrator\AppData\Local\openvr\openvrpaths.vrpath
[Child 10100, Chrome_ChildThread] WARNING: pipe error: 109: file z:/build/build/src/ipc/chromium/src/chrome/common/ipc_channel_win.cc, line 346
[Child 10100, Chrome_ChildThread] WARNING: pipe error: 109: file z:/build/build/src/ipc/chromium/src/chrome/common/ipc_channel_win.cc, line 346
1517807504947	Marionette	INFO	Listening on port 57823
1517807505433	Marionette	WARN	TLS certificate errors will be ignored for this session
1517840992467	geckodriver	INFO	geckodriver 0.19.1
1517840992481	geckodriver	INFO	Listening on 127.0.0.1:49343
1517840995624	mozrunner::runner	INFO	Running command: "C:\\Program Files\\Mozilla Firefox\\firefox.exe" "-marionette" "-profile" "C:\\Users\\ADMINI~1\\AppData\\Local\\Temp\\rust_mozprofile.jtCnWiIqdvVu"
1517841007852	Marionette	INFO	Enabled via --marionette
Unable to read VR Path Registry from C:\Users\Administrator\AppData\Local\openvr\openvrpaths.vrpath
[Parent 6856, Gecko_IOThread] WARNING: pipe error: 109: file z:/build/build/src/ipc/chromium/src/chrome/common/ipc_channel_win.cc, line 346
Unable to read VR Path Registry from C:\Users\Administrator\AppData\Local\openvr\openvrpaths.vrpath
[Child 5628, Chrome_ChildThread] WARNING: pipe error: 109: file z:/build/build/src/ipc/chromium/src/chrome/common/ipc_channel_win.cc, line 346
1517841033533	Marionette	INFO	Listening on port 49351
1517841033770	Marionette	WARN	TLS certificate errors will be ignored for this session
1517992437764	geckodriver	INFO	geckodriver 0.19.1
1517992437800	geckodriver	INFO	Listening on 127.0.0.1:59336
1517992440979	mozrunner::runner	INFO	Running command: "C:\\Program Files\\Mozilla Firefox\\firefox.exe" "-marionette" "-profile" "C:\\Users\\ADMINI~1\\AppData\\Local\\Temp\\rust_mozprofile.rcY0lTXX08If"
1517992459463	Marionette	INFO	Enabled via --marionette
1517992541343	Marionette	INFO	Listening on port 59350
1517992546875	Marionette	WARN	TLS certificate errors will be ignored for this session
